<?xml version="1.0" encoding="UTF-8"?>
<testng-results ignored="0" total="1" passed="1" failed="0" skipped="0">
  <reporter-output>
  </reporter-output>
  <suite started-at="2024-02-20T16:26:36 IST" name="Default suite" finished-at="2024-02-20T16:26:47 IST" duration-ms="10461">
    <groups>
    </groups>
    <test started-at="2024-02-20T16:26:36 IST" name="Default test" finished-at="2024-02-20T16:26:47 IST" duration-ms="10461">
      <class name="herbaltestpkg.Herbaltesting">
        <test-method is-config="true" signature="setUp()[pri:0, instance:herbaltestpkg.Herbaltesting@72e5a8e]" started-at="2024-02-20T16:26:36 IST" name="setUp" finished-at="2024-02-20T16:26:46 IST" duration-ms="9259" status="PASS">
          <reporter-output>
          </reporter-output>
        </test-method> <!-- setUp -->
        <test-method signature="testing()[pri:0, instance:herbaltestpkg.Herbaltesting@72e5a8e]" started-at="2024-02-20T16:26:46 IST" name="testing" finished-at="2024-02-20T16:26:47 IST" duration-ms="1138" status="PASS">
          <reporter-output>
          </reporter-output>
        </test-method> <!-- testing -->
      </class> <!-- herbaltestpkg.Herbaltesting -->
    </test> <!-- Default test -->
  </suite> <!-- Default suite -->
</testng-results>
